2017-05-26 18:45:18 5916 [Note] Plugin 'FEDERATED' is disabled.
2017-05-26 18:45:19 5916 [Note] InnoDB: The InnoDB memory heap is disabled
2017-05-26 18:45:19 5916 [Note] InnoDB: Mutexes and rw_locks use Windows interlocked functions
2017-05-26 18:45:19 5916 [Note] InnoDB: Compressed tables use zlib 1.2.3
2017-05-26 18:45:19 5916 [Note] InnoDB: Not using CPU crc32 instructions
2017-05-26 18:45:19 5916 [Note] InnoDB: Initializing buffer pool, size = 128.0M
2017-05-26 18:45:19 5916 [Note] InnoDB: Completed initialization of buffer pool
2017-05-26 18:45:19 5916 [Note] InnoDB: Highest supported file format is Barracuda.
2017-05-26 18:45:19 5916 [Note] InnoDB: The log sequence numbers 1626134 and 1626134 in ibdata files do not match the log sequence number 1665602 in the ib_logfiles!
2017-05-26 18:45:19 5916 [Note] InnoDB: Database was not shutdown normally!
2017-05-26 18:45:19 5916 [Note] InnoDB: Starting crash recovery.
2017-05-26 18:45:19 5916 [Note] InnoDB: Reading tablespace information from the .ibd files...
2017-05-26 18:45:19 5916 [Note] InnoDB: Restoring possible half-written data pages 
2017-05-26 18:45:19 5916 [Note] InnoDB: from the doublewrite buffer...
2017-05-26 18:45:20 5916 [Note] InnoDB: 128 rollback segment(s) are active.
2017-05-26 18:45:20 5916 [Note] InnoDB: Waiting for purge to start
2017-05-26 18:45:20 5916 [Note] InnoDB: 5.6.13 started; log sequence number 1665602
2017-05-26 18:45:20 5916 [Note] Server hostname (bind-address): '*'; port: 3307
2017-05-26 18:45:20 5916 [Note] IPv6 is available.
2017-05-26 18:45:20 5916 [Note]   - '::' resolves to '::';
2017-05-26 18:45:20 5916 [Note] Server socket created on IP: '::'.
