2017-05-25 08:23:27 5888 [Note] Plugin 'FEDERATED' is disabled.
2017-05-25 08:23:27 5888 [Note] InnoDB: The InnoDB memory heap is disabled
2017-05-25 08:23:27 5888 [Note] InnoDB: Mutexes and rw_locks use Windows interlocked functions
2017-05-25 08:23:27 5888 [Note] InnoDB: Compressed tables use zlib 1.2.3
2017-05-25 08:23:27 5888 [Note] InnoDB: Not using CPU crc32 instructions
2017-05-25 08:23:27 5888 [Note] InnoDB: Initializing buffer pool, size = 128.0M
2017-05-25 08:23:27 5888 [Note] InnoDB: Completed initialization of buffer pool
2017-05-25 08:23:27 5888 [Note] InnoDB: Setting log file C:\Users\13460290\Desktop\workspace\ServidorBingo\src\lib\servidor\mysql\data\ib_logfile101 size to 5 MB
2017-05-25 08:23:27 5888 [Note] InnoDB: Setting log file C:\Users\13460290\Desktop\workspace\ServidorBingo\src\lib\servidor\mysql\data\ib_logfile1 size to 5 MB
2017-05-25 08:23:29 5888 [Note] InnoDB: Renaming log file C:\Users\13460290\Desktop\workspace\ServidorBingo\src\lib\servidor\mysql\data\ib_logfile101 to C:\Users\13460290\Desktop\workspace\ServidorBingo\src\lib\servidor\mysql\data\ib_logfile0
2017-05-25 08:23:29 5888 [Warning] InnoDB: New log files created, LSN=1626134
2017-05-25 08:23:29 5888 [Note] InnoDB: Highest supported file format is Barracuda.
2017-05-25 08:23:29 5888 [Note] InnoDB: 128 rollback segment(s) are active.
2017-05-25 08:23:29 5888 [Note] InnoDB: Waiting for purge to start
2017-05-25 08:23:29 5888 [Note] InnoDB: 5.6.13 started; log sequence number 1626636
2017-05-25 08:23:29 5888 [Warning] No existing UUID has been found, so we assume that this is the first time that this server has been started. Generating a new UUID: 9409f384-413c-11e7-8197-782bcbc0ac03.
2017-05-25 08:23:29 5888 [Note] Server hostname (bind-address): '*'; port: 3307
2017-05-25 08:23:29 5888 [Note] IPv6 is available.
2017-05-25 08:23:29 5888 [Note]   - '::' resolves to '::';
2017-05-25 08:23:29 5888 [Note] Server socket created on IP: '::'.
2017-05-25 08:23:30 5888 [Note] Event Scheduler: Loaded 0 events
2017-05-25 08:23:30 5888 [Note] C:\Users\13460290\Desktop\workspace\ServidorBingo\src\lib\servidor/mysql/bin/mysqld_usbwv8.exe: ready for connections.
Version: '5.6.13'  socket: ''  port: 3307  MySQL Community Server (GPL)
2017-05-25 08:31:12 4468 [Note] Plugin 'FEDERATED' is disabled.
2017-05-25 08:31:12 4468 [Note] InnoDB: The InnoDB memory heap is disabled
2017-05-25 08:31:12 4468 [Note] InnoDB: Mutexes and rw_locks use Windows interlocked functions
2017-05-25 08:31:12 4468 [Note] InnoDB: Compressed tables use zlib 1.2.3
2017-05-25 08:31:12 4468 [Note] InnoDB: Not using CPU crc32 instructions
2017-05-25 08:31:12 4468 [Note] InnoDB: Initializing buffer pool, size = 128.0M
2017-05-25 08:31:12 4468 [Note] InnoDB: Completed initialization of buffer pool
2017-05-25 08:31:12 4468 [Note] InnoDB: Highest supported file format is Barracuda.
2017-05-25 08:31:13 4468 [Note] InnoDB: The log sequence numbers 1626134 and 1626134 in ibdata files do not match the log sequence number 1633147 in the ib_logfiles!
2017-05-25 08:31:13 4468 [Note] InnoDB: Database was not shutdown normally!
2017-05-25 08:31:13 4468 [Note] InnoDB: Starting crash recovery.
2017-05-25 08:31:13 4468 [Note] InnoDB: Reading tablespace information from the .ibd files...
2017-05-25 08:31:13 4468 [Note] InnoDB: Restoring possible half-written data pages 
2017-05-25 08:31:13 4468 [Note] InnoDB: from the doublewrite buffer...
2017-05-25 08:31:14 4468 [Note] InnoDB: 128 rollback segment(s) are active.
2017-05-25 08:31:14 4468 [Note] InnoDB: Waiting for purge to start
2017-05-25 08:31:14 4468 [Note] InnoDB: 5.6.13 started; log sequence number 1633147
2017-05-25 08:31:14 4468 [Note] Server hostname (bind-address): '*'; port: 3306
2017-05-25 08:31:14 4468 [Note] IPv6 is available.
2017-05-25 08:31:14 4468 [Note]   - '::' resolves to '::';
2017-05-25 08:31:14 4468 [Note] Server socket created on IP: '::'.
2017-05-25 08:31:14 4468 [Note] Event Scheduler: Loaded 0 events
2017-05-25 08:31:14 4468 [Note] C:\Users\13460290\Desktop\workspace\ServidorBingo\src\lib\servidor/mysql/bin/mysqld_usbwv8.exe: ready for connections.
Version: '5.6.13'  socket: ''  port: 3306  MySQL Community Server (GPL)
2017-05-25 08:43:15 7280 [Note] Plugin 'FEDERATED' is disabled.
2017-05-25 08:43:15 7280 [Note] InnoDB: The InnoDB memory heap is disabled
2017-05-25 08:43:15 7280 [Note] InnoDB: Mutexes and rw_locks use Windows interlocked functions
2017-05-25 08:43:15 7280 [Note] InnoDB: Compressed tables use zlib 1.2.3
2017-05-25 08:43:15 7280 [Note] InnoDB: Not using CPU crc32 instructions
2017-05-25 08:43:15 7280 [Note] InnoDB: Initializing buffer pool, size = 128.0M
2017-05-25 08:43:15 7280 [Note] InnoDB: Completed initialization of buffer pool
2017-05-25 08:43:15 7280 [Note] InnoDB: Highest supported file format is Barracuda.
2017-05-25 08:43:15 7280 [Note] InnoDB: The log sequence numbers 1626134 and 1626134 in ibdata files do not match the log sequence number 1633157 in the ib_logfiles!
2017-05-25 08:43:15 7280 [Note] InnoDB: Database was not shutdown normally!
2017-05-25 08:43:15 7280 [Note] InnoDB: Starting crash recovery.
2017-05-25 08:43:15 7280 [Note] InnoDB: Reading tablespace information from the .ibd files...
2017-05-25 08:43:15 7280 [Note] InnoDB: Restoring possible half-written data pages 
2017-05-25 08:43:15 7280 [Note] InnoDB: from the doublewrite buffer...
2017-05-25 08:43:16 7280 [Note] InnoDB: 128 rollback segment(s) are active.
2017-05-25 08:43:16 7280 [Note] InnoDB: Waiting for purge to start
2017-05-25 08:43:16 7280 [Note] InnoDB: 5.6.13 started; log sequence number 1633157
2017-05-25 08:43:16 7280 [Note] Server hostname (bind-address): '*'; port: 3307
2017-05-25 08:43:16 7280 [Note] IPv6 is available.
2017-05-25 08:43:16 7280 [Note]   - '::' resolves to '::';
2017-05-25 08:43:16 7280 [Note] Server socket created on IP: '::'.
2017-05-25 08:43:16 7280 [Note] Event Scheduler: Loaded 0 events
2017-05-25 08:43:16 7280 [Note] C:\Users\13460290\Desktop\workspace\ServidorBingo\src\lib\servidor/mysql/bin/mysqld_usbwv8.exe: ready for connections.
Version: '5.6.13'  socket: ''  port: 3307  MySQL Community Server (GPL)
